Wifi/WifiChat-master/build/outputs/logs/manifest-merger-debug-report.txt
-- Merging decision tree log ---
manifest
ADDED from Wifi\WifiChat-master\AndroidManifest.xml:2:1-108:12
	package
		ADDED from Wifi\WifiChat-master\AndroidManifest.xml:3:2-28
		INJECTED from Wifi\WifiChat-master\AndroidManifest.xml
		INJECTED from Wifi\WifiChat-master\AndroidManifest.xml
	android:versionName
		INJECTED from Wifi\WifiChat-master\AndroidManifest.xml
		INJECTED from Wifi\WifiChat-master\AndroidManifest.xml
	xmlns:android
		ADDED from Wifi\WifiChat-master\AndroidManifest.xml:2:11-69
	android:versionCode
		INJECTED from Wifi\WifiChat-master\AndroidManifest.xml
		INJECTED from Wifi\WifiChat-master\AndroidManifest.xml
	android:installLocation
		ADDED from Wifi\WifiChat-master\AndroidManifest.xml:4:2-32
uses-sdk
ADDED from Wifi\WifiChat-master\AndroidManifest.xml:8:2-10:35
MERGED from [com.qianwen:update-app:3.3.8] AndroidManifest.xml:7:5-9:41
MERGED from [com.lzy.net:okgo:3.0.4] AndroidManifest.xml:22:5-24:41
MERGED from [com.qianwen:okhttp-utils:3.8.0] AndroidManifest.xml:7:5-9:41
	android:targetSdkVersion
		ADDED from Wifi\WifiChat-master\AndroidManifest.xml:10:3-32
		INJECTED from Wifi\WifiChat-master\AndroidManifest.xml
		INJECTED from Wifi\WifiChat-master\AndroidManifest.xml
	android:minSdkVersion
		ADDED from Wifi\WifiChat-master\AndroidManifest.xml:9:3-29
		INJECTED from Wifi\WifiChat-master\AndroidManifest.xml
		INJECTED from Wifi\WifiChat-master\AndroidManifest.xml
uses-permission#android.permission.INTERNET
ADDED from Wifi\WifiChat-master\AndroidManifest.xml:12:2-64
MERGED from [com.qianwen:update-app:3.3.8] AndroidManifest.xml:11:5-67
MERGED from [com.lzy.net:okgo:3.0.4] AndroidManifest.xml:26:5-67
MERGED from [com.qianwen:okhttp-utils:3.8.0] AndroidManifest.xml:11:5-67
	android:name
		ADDED from Wifi\WifiChat-master\AndroidManifest.xml:12:19-61
uses-permission#android.permission.ACCESS_WIFI_STATE
ADDED from Wifi\WifiChat-master\AndroidManifest.xml:13:2-73
	android:name
		ADDED from Wifi\WifiChat-master\AndroidManifest.xml:13:19-70
uses-permission#android.permission.CHANGE_WIFI_STATE
ADDED from Wifi\WifiChat-master\AndroidManifest.xml:14:2-73
	android:name
		ADDED from Wifi\WifiChat-master\AndroidManifest.xml:14:19-70
uses-permission#android.permission.ACCESS_NETWORK_STATE
ADDED from Wifi\WifiChat-master\AndroidManifest.xml:15:2-76
MERGED from [com.qianwen:okhttp-utils:3.8.0] AndroidManifest.xml:12:5-79
	android:name
		ADDED from Wifi\WifiChat-master\AndroidManifest.xml:15:19-73
uses-permission#android.permission.MOUNT_UNMOUNT_FILESYSTEMS
ADDED from Wifi\WifiChat-master\AndroidManifest.xml:16:2-81
MERGED from [com.lzy.net:okgo:3.0.4] AndroidManifest.xml:29:5-84
	android:name
		ADDED from Wifi\WifiChat-master\AndroidManifest.xml:16:19-78
uses-permission#android.permission.WRITE_EXTERNAL_STORAGE
ADDED from Wifi\WifiChat-master\AndroidManifest.xml:17:2-78
MERGED from [com.qianwen:update-app:3.3.8] AndroidManifest.xml:12:5-81
MERGED from [com.lzy.net:okgo:3.0.4] AndroidManifest.xml:28:5-81
MERGED from [com.qianwen:okhttp-utils:3.8.0] AndroidManifest.xml:14:5-81
	android:name
		ADDED from Wifi\WifiChat-master\AndroidManifest.xml:17:19-75
uses-permission#android.permission.RECORD_AUDIO
ADDED from Wifi\WifiChat-master\AndroidManifest.xml:18:2-68
	android:name
		ADDED from Wifi\WifiChat-master\AndroidManifest.xml:18:19-65
uses-permission#android.permission.CAMERA
ADDED from Wifi\WifiChat-master\AndroidManifest.xml:19:2-62
	android:name
		ADDED from Wifi\WifiChat-master\AndroidManifest.xml:19:19-59
uses-permission#android.permission.ACCESS_COARSE_LOCATION
ADDED from Wifi\WifiChat-master\AndroidManifest.xml:20:2-78
	android:name
		ADDED from Wifi\WifiChat-master\AndroidManifest.xml:20:19-75
uses-permission#android.permission.ACCESS_FINE_LOCATION
ADDED from Wifi\WifiChat-master\AndroidManifest.xml:21:2-76
	android:name
		ADDED from Wifi\WifiChat-master\AndroidManifest.xml:21:19-73
uses-permission#android.permission.READ_PHONE_STATE
ADDED from Wifi\WifiChat-master\AndroidManifest.xml:22:2-72
	android:name
		ADDED from Wifi\WifiChat-master\AndroidManifest.xml:22:19-69
uses-permission#android.permission.READ_LOGS
ADDED from Wifi\WifiChat-master\AndroidManifest.xml:23:2-65
	android:name
		ADDED from Wifi\WifiChat-master\AndroidManifest.xml:23:19-62
uses-permission#android.permission.VIBRATE
ADDED from Wifi\WifiChat-master\AndroidManifest.xml:24:2-63
	android:name
		ADDED from Wifi\WifiChat-master\AndroidManifest.xml:24:19-60
uses-permission#android.permission.WAKE_LOCK
ADDED from Wifi\WifiChat-master\AndroidManifest.xml:25:2-65
	android:name
		ADDED from Wifi\WifiChat-master\AndroidManifest.xml:25:19-62
uses-permission#android.permission.WRITE_SETTINGS
ADDED from Wifi\WifiChat-master\AndroidManifest.xml:26:2-70
	android:name
		ADDED from Wifi\WifiChat-master\AndroidManifest.xml:26:19-67
uses-permission#android.permission.BROADCAST_STICKY
ADDED from Wifi\WifiChat-master\AndroidManifest.xml:27:2-72
	android:name
		ADDED from Wifi\WifiChat-master\AndroidManifest.xml:27:19-69
supports-screens
ADDED from Wifi\WifiChat-master\AndroidManifest.xml:29:2-34:33
	android:largeScreens
		ADDED from Wifi\WifiChat-master\AndroidManifest.xml:31:3-30
	android:smallScreens
		ADDED from Wifi\WifiChat-master\AndroidManifest.xml:34:3-30
	android:normalScreens
		ADDED from Wifi\WifiChat-master\AndroidManifest.xml:32:3-31
	android:resizeable
		ADDED from Wifi\WifiChat-master\AndroidManifest.xml:33:3-28
	android:anyDensity
		ADDED from Wifi\WifiChat-master\AndroidManifest.xml:30:3-28
application
ADDED from Wifi\WifiChat-master\AndroidManifest.xml:36:2-106:16
MERGED from [com.qianwen:update-app:3.3.8] AndroidManifest.xml:15:5-27:19
	android:label
		ADDED from Wifi\WifiChat-master\AndroidManifest.xml:41:3-35
	android:hardwareAccelerated
		ADDED from Wifi\WifiChat-master\AndroidManifest.xml:39:3-38
	android:allowBackup
		ADDED from Wifi\WifiChat-master\AndroidManifest.xml:38:3-30
	android:icon
		ADDED from Wifi\WifiChat-master\AndroidManifest.xml:40:3-39
	android:largeHeap
		ADDED from Wifi\WifiChat-master\AndroidManifest.xml:42:3-27
	android:theme
		ADDED from Wifi\WifiChat-master\AndroidManifest.xml:43:3-35
	android:name
		ADDED from Wifi\WifiChat-master\AndroidManifest.xml:37:3-57
activity#hillfly.wifichat.activity.WelcomeActivity
ADDED from Wifi\WifiChat-master\AndroidManifest.xml:44:3-52:14
	android:screenOrientation
		ADDED from Wifi\WifiChat-master\AndroidManifest.xml:46:4-40
	android:name
		ADDED from Wifi\WifiChat-master\AndroidManifest.xml:45:4-44
intent-filter#android.intent.action.MAIN+android.intent.category.LAUNCHER
ADDED from Wifi\WifiChat-master\AndroidManifest.xml:47:4-51:20
action#android.intent.action.MAIN
ADDED from Wifi\WifiChat-master\AndroidManifest.xml:48:5-57
	android:name
		ADDED from Wifi\WifiChat-master\AndroidManifest.xml:48:13-54
category#android.intent.category.LAUNCHER
ADDED from Wifi\WifiChat-master\AndroidManifest.xml:50:5-65
	android:name
		ADDED from Wifi\WifiChat-master\AndroidManifest.xml:50:15-62
activity#hillfly.wifichat.activity.LoginActivity
ADDED from Wifi\WifiChat-master\AndroidManifest.xml:53:3-57:14
	android:screenOrientation
		ADDED from Wifi\WifiChat-master\AndroidManifest.xml:55:4-40
	android:windowSoftInputMode
		ADDED from Wifi\WifiChat-master\AndroidManifest.xml:56:4-43
	android:name
		ADDED from Wifi\WifiChat-master\AndroidManifest.xml:54:4-42
activity#hillfly.wifichat.activity.WifiapActivity
ADDED from Wifi\WifiChat-master\AndroidManifest.xml:58:3-61:14
	android:screenOrientation
		ADDED from Wifi\WifiChat-master\AndroidManifest.xml:60:4-40
	android:name
		ADDED from Wifi\WifiChat-master\AndroidManifest.xml:59:4-43
activity#hillfly.wifichat.activity.ChooseActivity
ADDED from Wifi\WifiChat-master\AndroidManifest.xml:63:3-66:14
	android:screenOrientation
		ADDED from Wifi\WifiChat-master\AndroidManifest.xml:65:4-40
	android:name
		ADDED from Wifi\WifiChat-master\AndroidManifest.xml:64:4-59
activity#hillfly.wifichat.activity.MainTabActivity
ADDED from Wifi\WifiChat-master\AndroidManifest.xml:69:3-73:14
	android:screenOrientation
		ADDED from Wifi\WifiChat-master\AndroidManifest.xml:71:4-40
	android:windowSoftInputMode
		ADDED from Wifi\WifiChat-master\AndroidManifest.xml:72:4-43
	android:name
		ADDED from Wifi\WifiChat-master\AndroidManifest.xml:70:4-44
activity#hillfly.wifichat.activity.ChatActivity
ADDED from Wifi\WifiChat-master\AndroidManifest.xml:74:3-77:14
	android:screenOrientation
		ADDED from Wifi\WifiChat-master\AndroidManifest.xml:76:4-40
	android:name
		ADDED from Wifi\WifiChat-master\AndroidManifest.xml:75:4-41
activity#hillfly.wifichat.activity.SettingInfoActivity
ADDED from Wifi\WifiChat-master\AndroidManifest.xml:78:3-82:14
	android:screenOrientation
		ADDED from Wifi\WifiChat-master\AndroidManifest.xml:80:4-40
	android:windowSoftInputMode
		ADDED from Wifi\WifiChat-master\AndroidManifest.xml:81:4-43
	android:name
		ADDED from Wifi\WifiChat-master\AndroidManifest.xml:79:4-48
activity#hillfly.wifichat.activity.ChooseAvatarActivity
ADDED from Wifi\WifiChat-master\AndroidManifest.xml:83:3-89:14
	android:screenOrientation
		ADDED from Wifi\WifiChat-master\AndroidManifest.xml:85:4-40
	android:name
		ADDED from Wifi\WifiChat-master\AndroidManifest.xml:84:4-49
meta-data#android.support.PARENT_ACTIVITY
ADDED from Wifi\WifiChat-master\AndroidManifest.xml:86:4-88:55
	android:value
		ADDED from Wifi\WifiChat-master\AndroidManifest.xml:88:5-52
	android:name
		ADDED from Wifi\WifiChat-master\AndroidManifest.xml:87:5-51
activity#hillfly.wifichat.activity.AboutActivity
ADDED from Wifi\WifiChat-master\AndroidManifest.xml:90:3-93:14
	android:screenOrientation
		ADDED from Wifi\WifiChat-master\AndroidManifest.xml:92:4-40
	android:name
		ADDED from Wifi\WifiChat-master\AndroidManifest.xml:91:4-42
activity#hillfly.wifichat.activity.ImageFactoryActivity
ADDED from Wifi\WifiChat-master\AndroidManifest.xml:94:3-97:14
	android:screenOrientation
		ADDED from Wifi\WifiChat-master\AndroidManifest.xml:96:4-40
	android:name
		ADDED from Wifi\WifiChat-master\AndroidManifest.xml:95:4-49
activity#hillfly.wifichat.activity.OtherProfileActivity
ADDED from Wifi\WifiChat-master\AndroidManifest.xml:98:3-101:14
	android:screenOrientation
		ADDED from Wifi\WifiChat-master\AndroidManifest.xml:100:4-40
	android:name
		ADDED from Wifi\WifiChat-master\AndroidManifest.xml:99:4-49
activity#hillfly.wifichat.activity.ImageBrowserActivity
ADDED from Wifi\WifiChat-master\AndroidManifest.xml:102:3-105:14
	android:screenOrientation
		ADDED from Wifi\WifiChat-master\AndroidManifest.xml:104:4-40
	android:name
		ADDED from Wifi\WifiChat-master\AndroidManifest.xml:103:4-49
uses-permission#android.permission.READ_EXTERNAL_STORAGE
ADDED from [com.qianwen:update-app:3.3.8] AndroidManifest.xml:13:5-80
MERGED from [com.lzy.net:okgo:3.0.4] AndroidManifest.xml:27:5-80
MERGED from [com.qianwen:okhttp-utils:3.8.0] AndroidManifest.xml:13:5-80
	android:name
		ADDED from [com.qianwen:update-app:3.3.8] AndroidManifest.xml:13:22-77
service#com.vector.update_app.service.DownloadService
ADDED from [com.qianwen:update-app:3.3.8] AndroidManifest.xml:16:9-81
	android:name
		ADDED from [com.qianwen:update-app:3.3.8] AndroidManifest.xml:16:18-78
provider#com.vector.update_app.UpdateFileProvider
ADDED from [com.qianwen:update-app:3.3.8] AndroidManifest.xml:18:9-26:20
	android:authorities
		ADDED from [com.qianwen:update-app:3.3.8] AndroidManifest.xml:20:13-64
	android:grantUriPermissions
		ADDED from [com.qianwen:update-app:3.3.8] AndroidManifest.xml:22:13-47
	android:exported
		ADDED from [com.qianwen:update-app:3.3.8] AndroidManifest.xml:21:13-37
	android:name
		ADDED from [com.qianwen:update-app:3.3.8] AndroidManifest.xml:19:13-68
meta-data#android.support.FILE_PROVIDER_PATHS
ADDED from [com.qianwen:update-app:3.3.8] AndroidManifest.xml:23:13-25:62
	android:resource
		ADDED from [com.qianwen:update-app:3.3.8] AndroidManifest.xml:25:17-59
	android:name
		ADDED from [com.qianwen:update-app:3.3.8] AndroidManifest.xml:24:17-67